2023-10-26 11:21:11.271  INFO 11832 --- [           main] com.example.demo.SareetaApplication      : Starting SareetaApplication on LAPTOP-0DR131O3 with PID 11832 (C:\Users\maldrees\Downloads\nd035-c4-Security-and-DevOps-1.Auth\nd035-c4-Security-and-DevOps-1.Auth\starter_code\target\classes started by maldrees in C:\Users\maldrees\Downloads\nd035-c4-Security-and-DevOps-1.Auth)
2023-10-26 11:21:11.277  INFO 11832 --- [           main] com.example.demo.SareetaApplication      : No active profile set, falling back to default profiles: default
2023-10-26 11:21:11.967  INFO 11832 --- [           main] .s.d.r.c.RepositoryConfigurationDelegate : Bootstrapping Spring Data JPA repositories in DEFAULT mode.
2023-10-26 11:21:12.024  INFO 11832 --- [           main] .s.d.r.c.RepositoryConfigurationDelegate : Finished Spring Data repository scanning in 43ms. Found 4 JPA repository interfaces.
2023-10-26 11:21:13.098  INFO 11832 --- [           main] o.s.b.w.embedded.tomcat.TomcatWebServer  : Tomcat initialized with port(s): 8082 (http)
2023-10-26 11:21:13.116  INFO 11832 --- [           main] o.apache.catalina.core.StandardService   : Starting service [Tomcat]
2023-10-26 11:21:13.117  INFO 11832 --- [           main] org.apache.catalina.core.StandardEngine  : Starting Servlet engine: [Apache Tomcat/9.0.37]
2023-10-26 11:21:13.249  INFO 11832 --- [           main] o.a.c.c.C.[Tomcat].[localhost].[/]       : Initializing Spring embedded WebApplicationContext
2023-10-26 11:21:13.250  INFO 11832 --- [           main] w.s.c.ServletWebServerApplicationContext : Root WebApplicationContext: initialization completed in 1906 ms
2023-10-26 11:21:13.570  INFO 11832 --- [           main] o.hibernate.jpa.internal.util.LogHelper  : HHH000204: Processing PersistenceUnitInfo [name: default]
2023-10-26 11:21:13.630  INFO 11832 --- [           main] org.hibernate.Version                    : HHH000412: Hibernate ORM core version 5.4.18.Final
2023-10-26 11:21:13.773  INFO 11832 --- [           main] o.hibernate.annotations.common.Version   : HCANN000001: Hibernate Commons Annotations {5.1.0.Final}
2023-10-26 11:21:13.869  INFO 11832 --- [           main] com.zaxxer.hikari.HikariDataSource       : HikariPool-1 - Starting...
2023-10-26 11:21:14.035  INFO 11832 --- [           main] com.zaxxer.hikari.HikariDataSource       : HikariPool-1 - Start completed.
2023-10-26 11:21:14.048  INFO 11832 --- [           main] org.hibernate.dialect.Dialect            : HHH000400: Using dialect: org.hibernate.dialect.H2Dialect
2023-10-26 11:21:14.938  INFO 11832 --- [           main] o.h.e.t.j.p.i.JtaPlatformInitiator       : HHH000490: Using JtaPlatform implementation: [org.hibernate.engine.transaction.jta.platform.internal.NoJtaPlatform]
2023-10-26 11:21:14.952  INFO 11832 --- [           main] j.LocalContainerEntityManagerFactoryBean : Initialized JPA EntityManagerFactory for persistence unit 'default'
2023-10-26 11:21:15.439  WARN 11832 --- [           main] JpaBaseConfiguration$JpaWebConfiguration : spring.jpa.open-in-view is enabled by default. Therefore, database queries may be performed during view rendering. Explicitly configure spring.jpa.open-in-view to disable this warning
2023-10-26 11:21:15.855  INFO 11832 --- [           main] o.s.s.web.DefaultSecurityFilterChain     : Creating filter chain: any request, [org.springframework.security.web.context.request.async.WebAsyncManagerIntegrationFilter@7512a9a6, org.springframework.security.web.context.SecurityContextPersistenceFilter@62581ef6, org.springframework.security.web.header.HeaderWriterFilter@731d0d5c, org.springframework.web.filter.CorsFilter@32fd5bc, org.springframework.security.web.authentication.logout.LogoutFilter@a4dcede, com.example.demo.security.JWTAuthenticationFilter@5737d116, com.example.demo.security.JWTAuthenticationVerficationFilter@b5d7233, org.springframework.security.web.savedrequest.RequestCacheAwareFilter@3dfa2f64, org.springframework.security.web.servletapi.SecurityContextHolderAwareRequestFilter@4fb99927, org.springframework.security.web.authentication.AnonymousAuthenticationFilter@6be2b567, org.springframework.security.web.session.SessionManagementFilter@18e76101, org.springframework.security.web.access.ExceptionTranslationFilter@e890591, org.springframework.security.web.access.intercept.FilterSecurityInterceptor@f0381f0]
2023-10-26 11:21:15.904  INFO 11832 --- [           main] o.s.s.concurrent.ThreadPoolTaskExecutor  : Initializing ExecutorService 'applicationTaskExecutor'
2023-10-26 11:21:16.037  INFO 11832 --- [           main] o.s.b.w.embedded.tomcat.TomcatWebServer  : Tomcat started on port(s): 8082 (http) with context path ''
2023-10-26 11:21:16.044  INFO 11832 --- [           main] com.example.demo.SareetaApplication      : Started SareetaApplication in 5.118 seconds (JVM running for 5.861)
2023-10-26 11:21:19.343  INFO 11832 --- [nio-8082-exec-1] o.a.c.c.C.[Tomcat].[localhost].[/]       : Initializing Spring DispatcherServlet 'dispatcherServlet'
2023-10-26 11:21:19.701  INFO 11832 --- [nio-8082-exec-1] c.e.demo.controllers.UserController      : user created a
2023-10-26 11:21:28.685  INFO 11832 --- [nio-8082-exec-3] c.e.demo.controllers.UserController      : user created b
2023-10-26 11:21:32.688 ERROR 11832 ---[main] c.e.demo.controllers.OrderController     : unable to create order for a
2023-10-26 11:21:38.678  INFO 11832 --- [main] c.e.demo.controllers.OrderController     : order created for user a
2023-10-26 11:21:40.908 ERROR 11832 --- [main] c.e.demo.controllers.OrderController     : unable to create order for b
2023-10-26 11:21:50.685  INFO 11832 --- [main] c.e.demo.controllers.OrderController     : order created for user b
2023-10-26 11:21:59.105  INFO 11832 --- [main] c.e.demo.controllers.OrderController     : order created for user b
2023-10-26 11:22:10.203  INFO 11832 --- [SpringContextShutdownHook] o.s.s.concurrent.ThreadPoolTaskExecutor  : Shutting down ExecutorService 'applicationTaskExecutor'
2023-10-26 11:22:10.205  INFO 11832 --- [SpringContextShutdownHook] j.LocalContainerEntityManagerFactoryBean : Closing JPA EntityManagerFactory for persistence unit 'default'
2023-10-26 11:22:10.208  INFO 11832 --- [SpringContextShutdownHook] com.zaxxer.hikari.HikariDataSource       : HikariPool-1 - Shutdown initiated...
2023-10-26 11:22:10.213  INFO 11832 --- [SpringContextShutdownHook] com.zaxxer.hikari.HikariDataSource       : HikariPool-1 - Shutdown completed.
